<?xml version="1.0" encoding="UTF-8"?>
<testng-results ignored="0" total="1" passed="1" failed="0" skipped="0">
  <reporter-output>
  </reporter-output>
  <suite started-at="2023-12-01T16:26:40 IST" name="Default suite" finished-at="2023-12-01T16:26:47 IST" duration-ms="7100">
    <groups>
    </groups>
    <test started-at="2023-12-01T16:26:40 IST" name="Default test" finished-at="2023-12-01T16:26:47 IST" duration-ms="7100">
      <class name="tests.logintest">
        <test-method is-config="true" signature="setup()[pri:0, instance:tests.logintest@48e1f6c7]" started-at="2023-12-01T16:26:40 IST" name="setup" finished-at="2023-12-01T16:26:45 IST" duration-ms="4811" status="PASS">
          <reporter-output>
          </reporter-output>
        </test-method> <!-- setup -->
        <test-method signature="testLogin()[pri:0, instance:tests.logintest@48e1f6c7]" started-at="2023-12-01T16:26:45 IST" name="testLogin" finished-at="2023-12-01T16:26:47 IST" duration-ms="2251" status="PASS">
          <reporter-output>
          </reporter-output>
        </test-method> <!-- testLogin -->
        <test-method is-config="true" signature="generateTestStatus()[pri:0, instance:tests.logintest@48e1f6c7]" started-at="2023-12-01T16:26:47 IST" name="generateTestStatus" finished-at="2023-12-01T16:26:47 IST" duration-ms="1" status="PASS">
          <reporter-output>
          </reporter-output>
        </test-method> <!-- generateTestStatus -->
      </class> <!-- tests.logintest -->
    </test> <!-- Default test -->
  </suite> <!-- Default suite -->
</testng-results>
